<?xml version="1.0" encoding="UTF-8"?>
<!-- Generated by org.testng.reporters.JUnitXMLReporter -->
<testsuite hostname="DESKTOP-ONM6UCI" ignored="0" name="Default test" tests="4" failures="0" timestamp="2020-12-13T22:58:20 ICT" time="10.508" errors="0">
  <testcase name="loginTest" time="4.996" classname="tests.LoginPageTest"/>
  <testcase name="loginTest" time="1.716" classname="tests.LoginPageTest"/>
  <testcase name="loginTest" time="1.672" classname="tests.LoginPageTest"/>
  <testcase name="loginTest" time="1.672" classname="tests.LoginPageTest"/>
</testsuite> <!-- Default test -->
